<?xml version="1.0" encoding="UTF-8"?>
<!-- Generated by org.testng.reporters.JUnitReportReporter -->
<testsuite hostname="DESKTOP-VD3OIU9" failures="0" tests="1" name="eCommerceTest.Ajio" time="17.443" errors="0" timestamp="2023-07-25T15:08:46 IST" skipped="0">
  <testcase classname="eCommerceTest.Ajio" name="ajioTest" time="17.443"/>
  <system-out/>
</testsuite> <!-- eCommerceTest.Ajio -->
