<?xml version="1.0" encoding="UTF-8"?>
<!-- Generated by org.testng.reporters.JUnitReportReporter -->
<testsuite hostname="DESKTOP-VD3OIU9" failures="0" tests="1" name="eCommerceTest.AmozonTest" time="10.544" errors="0" timestamp="2023-07-25T15:08:46 IST" skipped="0">
  <testcase classname="eCommerceTest.AmozonTest" name="amozonTest" time="10.544"/>
  <system-out/>
</testsuite> <!-- eCommerceTest.AmozonTest -->
