<?xml version="1.0" encoding="UTF-8"?>
<!-- Generated by org.testng.reporters.JUnitReportReporter -->
<testsuite hostname="DESKTOP-VD3OIU9" failures="0" tests="1" name="eCommerceTest.Flipkart" time="16.851" errors="0" timestamp="2023-07-25T15:08:46 IST" skipped="0">
  <testcase classname="eCommerceTest.Flipkart" name="flipkartTest" time="16.851"/>
  <system-out/>
</testsuite> <!-- eCommerceTest.Flipkart -->
